<?xml version="1.0" encoding="UTF-8"?>
<testsuite xmlns:xsi="http://www.w3.org/2001/XMLSchema-instance" xsi:noNamespaceSchemaLocation="https://maven.apache.org/surefire/maven-surefire-plugin/xsd/surefire-test-report.xsd" name="com.rbc.amlengine.service.TransactionProcessorTest" time="0.22" tests="3" errors="0" skipped="0" failures="0">
  <properties>
[...]
</properties>
  <testcase name="testProcessTransactionWithAlert" classname="com.rbc.amlengine.service.TransactionProcessorTest" time="0.012"/>
  <testcase name="testProcessTransactionWithoutAlert" classname="com.rbc.amlengine.service.TransactionProcessorTest" time="0.004"/>
  <testcase name="testProcessTransactionWithMultipleAlerts" classname="com.rbc.amlengine.service.TransactionProcessorTest" time="0.004"/>
</testsuite>